2017-09-17 19:13:53,883 [INFO] from application in play-dev-mode-akka.actor.default-dispatcher-6 - Creating Pool for datasource 'default'
2017-09-17 19:13:54,519 [INFO] from play.api.db.DefaultDBApi in play-dev-mode-akka.actor.default-dispatcher-6 - Database [default] connected at jdbc:mysql://localhost:3306/playDollar
2017-09-17 19:13:56,421 [INFO] from play.api.http.EnabledFilters in play-dev-mode-akka.actor.default-dispatcher-6 - Enabled Filters (see <https://www.playframework.com/documentation/latest/Filters>):

    play.filters.csrf.CSRFFilter
    play.filters.headers.SecurityHeadersFilter
    play.filters.hosts.AllowedHostsFilter

2017-09-17 19:13:56,546 [INFO] from play.api.Play in play-dev-mode-akka.actor.default-dispatcher-6 - Application started (Dev)
2017-09-17 19:59:31,595 [INFO] from application in play-dev-mode-akka.actor.default-dispatcher-4 - Shutting down connection pool.
2017-09-17 19:59:32,240 [INFO] from application in play-dev-mode-akka.actor.default-dispatcher-4 - Creating Pool for datasource 'default'
2017-09-17 19:59:32,264 [INFO] from play.api.db.DefaultDBApi in play-dev-mode-akka.actor.default-dispatcher-4 - Database [default] connected at jdbc:mysql://localhost:3306/playDollar
2017-09-17 19:59:32,838 [INFO] from play.api.http.EnabledFilters in play-dev-mode-akka.actor.default-dispatcher-4 - Enabled Filters (see <https://www.playframework.com/documentation/latest/Filters>):

    play.filters.csrf.CSRFFilter
    play.filters.headers.SecurityHeadersFilter
    play.filters.hosts.AllowedHostsFilter

2017-09-17 19:59:32,899 [INFO] from play.api.Play in play-dev-mode-akka.actor.default-dispatcher-4 - Application started (Dev)
2017-09-17 20:02:31,281 [INFO] from application in play-dev-mode-akka.actor.default-dispatcher-12 - Shutting down connection pool.
2017-09-17 20:02:31,532 [INFO] from application in play-dev-mode-akka.actor.default-dispatcher-12 - Creating Pool for datasource 'default'
2017-09-17 20:02:31,552 [INFO] from play.api.db.DefaultDBApi in play-dev-mode-akka.actor.default-dispatcher-12 - Database [default] connected at jdbc:mysql://localhost:3306/playDollar
2017-09-17 20:02:31,837 [INFO] from play.api.http.EnabledFilters in play-dev-mode-akka.actor.default-dispatcher-12 - Enabled Filters (see <https://www.playframework.com/documentation/latest/Filters>):

    play.filters.csrf.CSRFFilter
    play.filters.headers.SecurityHeadersFilter
    play.filters.hosts.AllowedHostsFilter

2017-09-17 20:02:31,871 [INFO] from play.api.Play in play-dev-mode-akka.actor.default-dispatcher-12 - Application started (Dev)
2017-09-17 20:02:54,171 [INFO] from application in play-dev-mode-akka.actor.default-dispatcher-23 - Shutting down connection pool.
2017-09-17 20:02:54,418 [INFO] from application in play-dev-mode-akka.actor.default-dispatcher-23 - Creating Pool for datasource 'default'
2017-09-17 20:02:54,428 [INFO] from play.api.db.DefaultDBApi in play-dev-mode-akka.actor.default-dispatcher-23 - Database [default] connected at jdbc:mysql://localhost:3306/playDollar
2017-09-17 20:02:54,665 [INFO] from play.api.http.EnabledFilters in play-dev-mode-akka.actor.default-dispatcher-23 - Enabled Filters (see <https://www.playframework.com/documentation/latest/Filters>):

    play.filters.csrf.CSRFFilter
    play.filters.headers.SecurityHeadersFilter
    play.filters.hosts.AllowedHostsFilter

2017-09-17 20:02:54,711 [INFO] from play.api.Play in play-dev-mode-akka.actor.default-dispatcher-23 - Application started (Dev)
2017-09-17 20:10:48,468 [INFO] from application in play-dev-mode-akka.actor.default-dispatcher-36 - Shutting down connection pool.
2017-09-17 20:10:48,672 [INFO] from application in play-dev-mode-akka.actor.default-dispatcher-36 - Creating Pool for datasource 'default'
2017-09-17 20:10:48,688 [INFO] from play.api.db.DefaultDBApi in play-dev-mode-akka.actor.default-dispatcher-36 - Database [default] connected at jdbc:mysql://localhost:3306/playDollar
2017-09-17 20:10:49,002 [INFO] from play.api.http.EnabledFilters in play-dev-mode-akka.actor.default-dispatcher-36 - Enabled Filters (see <https://www.playframework.com/documentation/latest/Filters>):

    play.filters.csrf.CSRFFilter
    play.filters.headers.SecurityHeadersFilter
    play.filters.hosts.AllowedHostsFilter

2017-09-17 20:10:49,050 [INFO] from play.api.Play in play-dev-mode-akka.actor.default-dispatcher-36 - Application started (Dev)
2017-09-17 20:14:33,920 [INFO] from application in play-dev-mode-akka.actor.default-dispatcher-42 - Shutting down connection pool.
2017-09-17 20:14:34,116 [INFO] from application in play-dev-mode-akka.actor.default-dispatcher-42 - Creating Pool for datasource 'default'
2017-09-17 20:14:34,124 [INFO] from play.api.db.DefaultDBApi in play-dev-mode-akka.actor.default-dispatcher-42 - Database [default] connected at jdbc:mysql://localhost:3306/playDollar
2017-09-17 20:14:34,414 [INFO] from play.api.http.EnabledFilters in play-dev-mode-akka.actor.default-dispatcher-42 - Enabled Filters (see <https://www.playframework.com/documentation/latest/Filters>):

    play.filters.csrf.CSRFFilter
    play.filters.headers.SecurityHeadersFilter
    play.filters.hosts.AllowedHostsFilter

2017-09-17 20:14:34,423 [INFO] from play.api.Play in play-dev-mode-akka.actor.default-dispatcher-42 - Application started (Dev)
2017-09-17 20:15:48,751 [INFO] from application in play-dev-mode-akka.actor.default-dispatcher-43 - Shutting down connection pool.
2017-09-17 20:15:48,901 [INFO] from application in play-dev-mode-akka.actor.default-dispatcher-43 - Creating Pool for datasource 'default'
2017-09-17 20:15:48,914 [INFO] from play.api.db.DefaultDBApi in play-dev-mode-akka.actor.default-dispatcher-43 - Database [default] connected at jdbc:mysql://localhost:3306/playDollar
2017-09-17 20:15:49,152 [INFO] from play.api.http.EnabledFilters in play-dev-mode-akka.actor.default-dispatcher-43 - Enabled Filters (see <https://www.playframework.com/documentation/latest/Filters>):

    play.filters.csrf.CSRFFilter
    play.filters.headers.SecurityHeadersFilter
    play.filters.hosts.AllowedHostsFilter

2017-09-17 20:15:49,165 [INFO] from play.api.Play in play-dev-mode-akka.actor.default-dispatcher-43 - Application started (Dev)
2017-09-17 20:17:00,628 [INFO] from application in play-dev-mode-akka.actor.default-dispatcher-43 - Shutting down connection pool.
2017-09-17 20:17:00,802 [INFO] from application in play-dev-mode-akka.actor.default-dispatcher-43 - Creating Pool for datasource 'default'
2017-09-17 20:17:00,819 [INFO] from play.api.db.DefaultDBApi in play-dev-mode-akka.actor.default-dispatcher-43 - Database [default] connected at jdbc:mysql://localhost:3306/playDollar
2017-09-17 20:17:01,049 [INFO] from play.api.http.EnabledFilters in play-dev-mode-akka.actor.default-dispatcher-43 - Enabled Filters (see <https://www.playframework.com/documentation/latest/Filters>):

    play.filters.csrf.CSRFFilter
    play.filters.headers.SecurityHeadersFilter
    play.filters.hosts.AllowedHostsFilter

2017-09-17 20:17:01,054 [INFO] from play.api.Play in play-dev-mode-akka.actor.default-dispatcher-43 - Application started (Dev)
2017-09-17 20:20:56,510 [INFO] from application in play-dev-mode-akka.actor.default-dispatcher-56 - Shutting down connection pool.
2017-09-17 20:20:56,685 [INFO] from application in play-dev-mode-akka.actor.default-dispatcher-56 - Creating Pool for datasource 'default'
2017-09-17 20:20:56,696 [INFO] from play.api.db.DefaultDBApi in play-dev-mode-akka.actor.default-dispatcher-56 - Database [default] connected at jdbc:mysql://localhost:3306/playDollar
2017-09-17 20:20:56,968 [INFO] from play.api.http.EnabledFilters in play-dev-mode-akka.actor.default-dispatcher-56 - Enabled Filters (see <https://www.playframework.com/documentation/latest/Filters>):

    play.filters.csrf.CSRFFilter
    play.filters.headers.SecurityHeadersFilter
    play.filters.hosts.AllowedHostsFilter

2017-09-17 20:20:56,978 [INFO] from play.api.Play in play-dev-mode-akka.actor.default-dispatcher-56 - Application started (Dev)
2017-09-17 20:21:43,072 [INFO] from application in play-dev-mode-akka.actor.default-dispatcher-55 - Shutting down connection pool.
2017-09-17 20:21:43,209 [INFO] from application in play-dev-mode-akka.actor.default-dispatcher-55 - Creating Pool for datasource 'default'
2017-09-17 20:21:43,216 [INFO] from play.api.db.DefaultDBApi in play-dev-mode-akka.actor.default-dispatcher-55 - Database [default] connected at jdbc:mysql://localhost:3306/playDollar
2017-09-17 20:21:43,408 [INFO] from play.api.http.EnabledFilters in play-dev-mode-akka.actor.default-dispatcher-55 - Enabled Filters (see <https://www.playframework.com/documentation/latest/Filters>):

    play.filters.csrf.CSRFFilter
    play.filters.headers.SecurityHeadersFilter
    play.filters.hosts.AllowedHostsFilter

2017-09-17 20:21:43,415 [INFO] from play.api.Play in play-dev-mode-akka.actor.default-dispatcher-55 - Application started (Dev)
2017-09-17 20:22:30,148 [INFO] from application in play-dev-mode-akka.actor.default-dispatcher-58 - Shutting down connection pool.
2017-09-17 20:22:30,279 [INFO] from application in play-dev-mode-akka.actor.default-dispatcher-58 - Creating Pool for datasource 'default'
2017-09-17 20:22:30,296 [INFO] from play.api.db.DefaultDBApi in play-dev-mode-akka.actor.default-dispatcher-58 - Database [default] connected at jdbc:mysql://localhost:3306/playDollar
2017-09-17 20:22:30,537 [INFO] from play.api.http.EnabledFilters in play-dev-mode-akka.actor.default-dispatcher-58 - Enabled Filters (see <https://www.playframework.com/documentation/latest/Filters>):

    play.filters.csrf.CSRFFilter
    play.filters.headers.SecurityHeadersFilter
    play.filters.hosts.AllowedHostsFilter

2017-09-17 20:22:30,544 [INFO] from play.api.Play in play-dev-mode-akka.actor.default-dispatcher-58 - Application started (Dev)
2017-09-17 20:23:42,101 [INFO] from application in play-dev-mode-akka.actor.default-dispatcher-57 - Shutting down connection pool.
2017-09-17 20:23:42,228 [INFO] from application in play-dev-mode-akka.actor.default-dispatcher-57 - Creating Pool for datasource 'default'
2017-09-17 20:23:42,236 [INFO] from play.api.db.DefaultDBApi in play-dev-mode-akka.actor.default-dispatcher-57 - Database [default] connected at jdbc:mysql://localhost:3306/playDollar
2017-09-17 20:23:42,435 [INFO] from play.api.http.EnabledFilters in play-dev-mode-akka.actor.default-dispatcher-57 - Enabled Filters (see <https://www.playframework.com/documentation/latest/Filters>):

    play.filters.csrf.CSRFFilter
    play.filters.headers.SecurityHeadersFilter
    play.filters.hosts.AllowedHostsFilter

2017-09-17 20:23:42,439 [INFO] from play.api.Play in play-dev-mode-akka.actor.default-dispatcher-57 - Application started (Dev)
2017-09-17 20:24:02,268 [INFO] from application in play-dev-mode-akka.actor.default-dispatcher-59 - Shutting down connection pool.
2017-09-17 20:24:02,399 [INFO] from application in play-dev-mode-akka.actor.default-dispatcher-59 - Creating Pool for datasource 'default'
2017-09-17 20:24:02,416 [INFO] from play.api.db.DefaultDBApi in play-dev-mode-akka.actor.default-dispatcher-59 - Database [default] connected at jdbc:mysql://localhost:3306/playDollar
2017-09-17 20:24:02,642 [INFO] from play.api.http.EnabledFilters in play-dev-mode-akka.actor.default-dispatcher-59 - Enabled Filters (see <https://www.playframework.com/documentation/latest/Filters>):

    play.filters.csrf.CSRFFilter
    play.filters.headers.SecurityHeadersFilter
    play.filters.hosts.AllowedHostsFilter

2017-09-17 20:24:02,647 [INFO] from play.api.Play in play-dev-mode-akka.actor.default-dispatcher-59 - Application started (Dev)
2017-09-17 20:24:27,472 [INFO] from application in play-dev-mode-akka.actor.default-dispatcher-59 - Shutting down connection pool.
2017-09-17 20:24:27,593 [INFO] from application in play-dev-mode-akka.actor.default-dispatcher-59 - Creating Pool for datasource 'default'
2017-09-17 20:24:27,599 [INFO] from play.api.db.DefaultDBApi in play-dev-mode-akka.actor.default-dispatcher-59 - Database [default] connected at jdbc:mysql://localhost:3306/playDollar
2017-09-17 20:24:27,830 [INFO] from play.api.http.EnabledFilters in play-dev-mode-akka.actor.default-dispatcher-59 - Enabled Filters (see <https://www.playframework.com/documentation/latest/Filters>):

    play.filters.csrf.CSRFFilter
    play.filters.headers.SecurityHeadersFilter
    play.filters.hosts.AllowedHostsFilter

2017-09-17 20:24:27,835 [INFO] from play.api.Play in play-dev-mode-akka.actor.default-dispatcher-59 - Application started (Dev)
2017-09-17 20:25:13,198 [INFO] from application in play-dev-mode-akka.actor.default-dispatcher-59 - Shutting down connection pool.
2017-09-17 20:25:13,326 [INFO] from application in play-dev-mode-akka.actor.default-dispatcher-59 - Creating Pool for datasource 'default'
2017-09-17 20:25:13,336 [INFO] from play.api.db.DefaultDBApi in play-dev-mode-akka.actor.default-dispatcher-59 - Database [default] connected at jdbc:mysql://localhost:3306/playDollar
2017-09-17 20:25:13,548 [INFO] from play.api.http.EnabledFilters in play-dev-mode-akka.actor.default-dispatcher-59 - Enabled Filters (see <https://www.playframework.com/documentation/latest/Filters>):

    play.filters.csrf.CSRFFilter
    play.filters.headers.SecurityHeadersFilter
    play.filters.hosts.AllowedHostsFilter

2017-09-17 20:25:13,553 [INFO] from play.api.Play in play-dev-mode-akka.actor.default-dispatcher-59 - Application started (Dev)
2017-09-17 20:26:35,047 [INFO] from application in play-dev-mode-akka.actor.default-dispatcher-56 - Shutting down connection pool.
2017-09-17 20:26:35,202 [INFO] from application in play-dev-mode-akka.actor.default-dispatcher-56 - Creating Pool for datasource 'default'
2017-09-17 20:26:35,208 [INFO] from play.api.db.DefaultDBApi in play-dev-mode-akka.actor.default-dispatcher-56 - Database [default] connected at jdbc:mysql://localhost:3306/playDollar
2017-09-17 20:26:35,433 [INFO] from play.api.http.EnabledFilters in play-dev-mode-akka.actor.default-dispatcher-56 - Enabled Filters (see <https://www.playframework.com/documentation/latest/Filters>):

    play.filters.csrf.CSRFFilter
    play.filters.headers.SecurityHeadersFilter
    play.filters.hosts.AllowedHostsFilter

2017-09-17 20:26:35,437 [INFO] from play.api.Play in play-dev-mode-akka.actor.default-dispatcher-56 - Application started (Dev)
2017-09-17 20:27:32,829 [INFO] from application in play-dev-mode-akka.actor.default-dispatcher-56 - Shutting down connection pool.
2017-09-17 20:27:33,010 [INFO] from application in play-dev-mode-akka.actor.default-dispatcher-56 - Creating Pool for datasource 'default'
2017-09-17 20:27:33,020 [INFO] from play.api.db.DefaultDBApi in play-dev-mode-akka.actor.default-dispatcher-56 - Database [default] connected at jdbc:mysql://localhost:3306/playDollar
2017-09-17 20:27:33,239 [INFO] from play.api.http.EnabledFilters in play-dev-mode-akka.actor.default-dispatcher-56 - Enabled Filters (see <https://www.playframework.com/documentation/latest/Filters>):

    play.filters.csrf.CSRFFilter
    play.filters.headers.SecurityHeadersFilter
    play.filters.hosts.AllowedHostsFilter

2017-09-17 20:27:33,243 [INFO] from play.api.Play in play-dev-mode-akka.actor.default-dispatcher-56 - Application started (Dev)
2017-09-17 20:30:28,278 [INFO] from application in play-dev-mode-akka.actor.default-dispatcher-66 - Shutting down connection pool.
2017-09-17 20:30:28,413 [INFO] from application in play-dev-mode-akka.actor.default-dispatcher-66 - Creating Pool for datasource 'default'
2017-09-17 20:30:28,418 [INFO] from play.api.db.DefaultDBApi in play-dev-mode-akka.actor.default-dispatcher-66 - Database [default] connected at jdbc:mysql://localhost:3306/playDollar
2017-09-17 20:30:28,586 [INFO] from play.api.http.EnabledFilters in play-dev-mode-akka.actor.default-dispatcher-66 - Enabled Filters (see <https://www.playframework.com/documentation/latest/Filters>):

    play.filters.csrf.CSRFFilter
    play.filters.headers.SecurityHeadersFilter
    play.filters.hosts.AllowedHostsFilter

2017-09-17 20:30:28,590 [INFO] from play.api.Play in play-dev-mode-akka.actor.default-dispatcher-66 - Application started (Dev)
2017-09-17 20:30:58,646 [INFO] from application in play-dev-mode-akka.actor.default-dispatcher-70 - Shutting down connection pool.
2017-09-17 20:30:58,765 [INFO] from application in play-dev-mode-akka.actor.default-dispatcher-70 - Creating Pool for datasource 'default'
2017-09-17 20:30:58,770 [INFO] from play.api.db.DefaultDBApi in play-dev-mode-akka.actor.default-dispatcher-70 - Database [default] connected at jdbc:mysql://localhost:3306/playDollar
2017-09-17 20:30:58,950 [INFO] from play.api.http.EnabledFilters in play-dev-mode-akka.actor.default-dispatcher-70 - Enabled Filters (see <https://www.playframework.com/documentation/latest/Filters>):

    play.filters.csrf.CSRFFilter
    play.filters.headers.SecurityHeadersFilter
    play.filters.hosts.AllowedHostsFilter

2017-09-17 20:30:58,963 [INFO] from play.api.Play in play-dev-mode-akka.actor.default-dispatcher-70 - Application started (Dev)
2017-09-17 20:31:44,343 [INFO] from application in play-dev-mode-akka.actor.default-dispatcher-69 - Shutting down connection pool.
2017-09-17 20:31:44,483 [INFO] from application in play-dev-mode-akka.actor.default-dispatcher-69 - Creating Pool for datasource 'default'
2017-09-17 20:31:44,501 [INFO] from play.api.db.DefaultDBApi in play-dev-mode-akka.actor.default-dispatcher-69 - Database [default] connected at jdbc:mysql://localhost:3306/playDollar
2017-09-17 20:31:44,664 [INFO] from play.api.http.EnabledFilters in play-dev-mode-akka.actor.default-dispatcher-69 - Enabled Filters (see <https://www.playframework.com/documentation/latest/Filters>):

    play.filters.csrf.CSRFFilter
    play.filters.headers.SecurityHeadersFilter
    play.filters.hosts.AllowedHostsFilter

2017-09-17 20:31:44,676 [INFO] from play.api.Play in play-dev-mode-akka.actor.default-dispatcher-69 - Application started (Dev)
2017-09-17 20:33:04,952 [INFO] from application in play-dev-mode-akka.actor.default-dispatcher-69 - Shutting down connection pool.
2017-09-17 20:33:05,050 [INFO] from application in play-dev-mode-akka.actor.default-dispatcher-69 - Creating Pool for datasource 'default'
2017-09-17 20:33:05,058 [INFO] from play.api.db.DefaultDBApi in play-dev-mode-akka.actor.default-dispatcher-69 - Database [default] connected at jdbc:mysql://localhost:3306/playDollar
2017-09-17 20:33:05,235 [INFO] from play.api.http.EnabledFilters in play-dev-mode-akka.actor.default-dispatcher-69 - Enabled Filters (see <https://www.playframework.com/documentation/latest/Filters>):

    play.filters.csrf.CSRFFilter
    play.filters.headers.SecurityHeadersFilter
    play.filters.hosts.AllowedHostsFilter

2017-09-17 20:33:05,239 [INFO] from play.api.Play in play-dev-mode-akka.actor.default-dispatcher-69 - Application started (Dev)
2017-09-17 20:33:28,760 [INFO] from application in play-dev-mode-akka.actor.default-dispatcher-70 - Shutting down connection pool.
2017-09-17 20:33:28,865 [INFO] from application in play-dev-mode-akka.actor.default-dispatcher-70 - Creating Pool for datasource 'default'
2017-09-17 20:33:28,876 [INFO] from play.api.db.DefaultDBApi in play-dev-mode-akka.actor.default-dispatcher-70 - Database [default] connected at jdbc:mysql://localhost:3306/playDollar
2017-09-17 20:33:28,999 [INFO] from play.api.http.EnabledFilters in play-dev-mode-akka.actor.default-dispatcher-70 - Enabled Filters (see <https://www.playframework.com/documentation/latest/Filters>):

    play.filters.csrf.CSRFFilter
    play.filters.headers.SecurityHeadersFilter
    play.filters.hosts.AllowedHostsFilter

2017-09-17 20:33:29,002 [INFO] from play.api.Play in play-dev-mode-akka.actor.default-dispatcher-70 - Application started (Dev)
2017-09-17 20:37:24,380 [INFO] from application in play-dev-mode-akka.actor.default-dispatcher-79 - Shutting down connection pool.
2017-09-17 20:37:24,525 [INFO] from application in play-dev-mode-akka.actor.default-dispatcher-79 - Creating Pool for datasource 'default'
2017-09-17 20:37:24,535 [INFO] from play.api.db.DefaultDBApi in play-dev-mode-akka.actor.default-dispatcher-79 - Database [default] connected at jdbc:mysql://localhost:3306/playDollar
2017-09-17 20:37:24,700 [INFO] from play.api.http.EnabledFilters in play-dev-mode-akka.actor.default-dispatcher-79 - Enabled Filters (see <https://www.playframework.com/documentation/latest/Filters>):

    play.filters.csrf.CSRFFilter
    play.filters.headers.SecurityHeadersFilter
    play.filters.hosts.AllowedHostsFilter

2017-09-17 20:37:24,706 [INFO] from play.api.Play in play-dev-mode-akka.actor.default-dispatcher-79 - Application started (Dev)
2017-09-18 19:46:19,484 [INFO] from application in play-dev-mode-akka.actor.default-dispatcher-88 - Shutting down connection pool.
2017-09-18 19:46:19,621 [INFO] from application in play-dev-mode-akka.actor.default-dispatcher-88 - Creating Pool for datasource 'default'
2017-09-18 19:46:19,626 [INFO] from play.api.db.DefaultDBApi in play-dev-mode-akka.actor.default-dispatcher-88 - Database [default] connected at jdbc:mysql://localhost:3306/playDollar
2017-09-18 19:46:19,760 [INFO] from play.api.http.EnabledFilters in play-dev-mode-akka.actor.default-dispatcher-88 - Enabled Filters (see <https://www.playframework.com/documentation/latest/Filters>):

    play.filters.csrf.CSRFFilter
    play.filters.headers.SecurityHeadersFilter
    play.filters.hosts.AllowedHostsFilter

2017-09-18 19:46:19,764 [INFO] from play.api.Play in play-dev-mode-akka.actor.default-dispatcher-88 - Application started (Dev)
2017-09-18 19:53:07,641 [INFO] from application in play-dev-mode-akka.actor.default-dispatcher-95 - Shutting down connection pool.
2017-09-18 19:53:07,757 [INFO] from application in play-dev-mode-akka.actor.default-dispatcher-95 - Creating Pool for datasource 'default'
2017-09-18 19:53:07,763 [INFO] from play.api.db.DefaultDBApi in play-dev-mode-akka.actor.default-dispatcher-95 - Database [default] connected at jdbc:mysql://localhost:3306/playDollar
2017-09-18 19:53:07,868 [INFO] from play.api.http.EnabledFilters in play-dev-mode-akka.actor.default-dispatcher-95 - Enabled Filters (see <https://www.playframework.com/documentation/latest/Filters>):

    play.filters.csrf.CSRFFilter
    play.filters.headers.SecurityHeadersFilter
    play.filters.hosts.AllowedHostsFilter

2017-09-18 19:53:07,882 [INFO] from play.api.Play in play-dev-mode-akka.actor.default-dispatcher-95 - Application started (Dev)
2017-09-18 19:54:33,460 [INFO] from application in play-dev-mode-akka.actor.default-dispatcher-100 - Shutting down connection pool.
2017-09-18 19:54:33,553 [INFO] from application in play-dev-mode-akka.actor.default-dispatcher-100 - Creating Pool for datasource 'default'
2017-09-18 19:54:33,557 [INFO] from play.api.db.DefaultDBApi in play-dev-mode-akka.actor.default-dispatcher-100 - Database [default] connected at jdbc:mysql://localhost:3306/playDollar
2017-09-18 19:54:33,718 [INFO] from play.api.http.EnabledFilters in play-dev-mode-akka.actor.default-dispatcher-100 - Enabled Filters (see <https://www.playframework.com/documentation/latest/Filters>):

    play.filters.csrf.CSRFFilter
    play.filters.headers.SecurityHeadersFilter
    play.filters.hosts.AllowedHostsFilter

2017-09-18 19:54:33,723 [INFO] from play.api.Play in play-dev-mode-akka.actor.default-dispatcher-100 - Application started (Dev)
2017-09-18 19:55:35,441 [INFO] from application in play-dev-mode-akka.actor.default-dispatcher-89 - Shutting down connection pool.
2017-09-18 19:55:35,550 [INFO] from application in play-dev-mode-akka.actor.default-dispatcher-89 - Creating Pool for datasource 'default'
2017-09-18 19:55:35,554 [INFO] from play.api.db.DefaultDBApi in play-dev-mode-akka.actor.default-dispatcher-89 - Database [default] connected at jdbc:mysql://localhost:3306/playDollar
2017-09-18 19:55:35,705 [INFO] from play.api.http.EnabledFilters in play-dev-mode-akka.actor.default-dispatcher-89 - Enabled Filters (see <https://www.playframework.com/documentation/latest/Filters>):

    play.filters.csrf.CSRFFilter
    play.filters.headers.SecurityHeadersFilter
    play.filters.hosts.AllowedHostsFilter

2017-09-18 19:55:35,710 [INFO] from play.api.Play in play-dev-mode-akka.actor.default-dispatcher-89 - Application started (Dev)
2017-09-18 19:56:38,291 [INFO] from application in play-dev-mode-akka.actor.default-dispatcher-99 - Shutting down connection pool.
2017-09-18 19:56:38,424 [INFO] from application in play-dev-mode-akka.actor.default-dispatcher-99 - Creating Pool for datasource 'default'
2017-09-18 19:56:38,432 [INFO] from play.api.db.DefaultDBApi in play-dev-mode-akka.actor.default-dispatcher-99 - Database [default] connected at jdbc:mysql://localhost:3306/playDollar
2017-09-18 19:56:38,626 [INFO] from play.api.http.EnabledFilters in play-dev-mode-akka.actor.default-dispatcher-99 - Enabled Filters (see <https://www.playframework.com/documentation/latest/Filters>):

    play.filters.csrf.CSRFFilter
    play.filters.headers.SecurityHeadersFilter
    play.filters.hosts.AllowedHostsFilter

2017-09-18 19:56:38,632 [INFO] from play.api.Play in play-dev-mode-akka.actor.default-dispatcher-99 - Application started (Dev)
2017-09-18 19:57:16,850 [INFO] from application in play-dev-mode-akka.actor.default-dispatcher-96 - Shutting down connection pool.
2017-09-18 19:57:16,936 [INFO] from application in play-dev-mode-akka.actor.default-dispatcher-96 - Creating Pool for datasource 'default'
2017-09-18 19:57:16,949 [INFO] from play.api.db.DefaultDBApi in play-dev-mode-akka.actor.default-dispatcher-96 - Database [default] connected at jdbc:mysql://localhost:3306/playDollar
2017-09-18 19:57:17,097 [INFO] from play.api.http.EnabledFilters in play-dev-mode-akka.actor.default-dispatcher-96 - Enabled Filters (see <https://www.playframework.com/documentation/latest/Filters>):

    play.filters.csrf.CSRFFilter
    play.filters.headers.SecurityHeadersFilter
    play.filters.hosts.AllowedHostsFilter

2017-09-18 19:57:17,102 [INFO] from play.api.Play in play-dev-mode-akka.actor.default-dispatcher-96 - Application started (Dev)
2017-09-18 19:57:46,853 [INFO] from application in play-dev-mode-akka.actor.default-dispatcher-96 - Shutting down connection pool.
2017-09-18 19:57:46,970 [INFO] from application in play-dev-mode-akka.actor.default-dispatcher-96 - Creating Pool for datasource 'default'
2017-09-18 19:57:46,976 [INFO] from play.api.db.DefaultDBApi in play-dev-mode-akka.actor.default-dispatcher-96 - Database [default] connected at jdbc:mysql://localhost:3306/playDollar
2017-09-18 19:57:47,110 [INFO] from play.api.http.EnabledFilters in play-dev-mode-akka.actor.default-dispatcher-96 - Enabled Filters (see <https://www.playframework.com/documentation/latest/Filters>):

    play.filters.csrf.CSRFFilter
    play.filters.headers.SecurityHeadersFilter
    play.filters.hosts.AllowedHostsFilter

2017-09-18 19:57:47,114 [INFO] from play.api.Play in play-dev-mode-akka.actor.default-dispatcher-96 - Application started (Dev)
2017-09-18 19:58:28,312 [INFO] from application in play-dev-mode-akka.actor.default-dispatcher-96 - Shutting down connection pool.
2017-09-18 19:58:28,452 [INFO] from application in play-dev-mode-akka.actor.default-dispatcher-96 - Creating Pool for datasource 'default'
2017-09-18 19:58:28,459 [INFO] from play.api.db.DefaultDBApi in play-dev-mode-akka.actor.default-dispatcher-96 - Database [default] connected at jdbc:mysql://localhost:3306/playDollar
2017-09-18 19:58:28,609 [INFO] from play.api.http.EnabledFilters in play-dev-mode-akka.actor.default-dispatcher-96 - Enabled Filters (see <https://www.playframework.com/documentation/latest/Filters>):

    play.filters.csrf.CSRFFilter
    play.filters.headers.SecurityHeadersFilter
    play.filters.hosts.AllowedHostsFilter

2017-09-18 19:58:28,612 [INFO] from play.api.Play in play-dev-mode-akka.actor.default-dispatcher-96 - Application started (Dev)
2017-09-18 19:58:49,695 [INFO] from application in play-dev-mode-akka.actor.default-dispatcher-89 - Shutting down connection pool.
2017-09-18 19:58:49,825 [INFO] from application in play-dev-mode-akka.actor.default-dispatcher-89 - Creating Pool for datasource 'default'
2017-09-18 19:58:49,838 [INFO] from play.api.db.DefaultDBApi in play-dev-mode-akka.actor.default-dispatcher-89 - Database [default] connected at jdbc:mysql://localhost:3306/playDollar
2017-09-18 19:58:49,982 [INFO] from play.api.http.EnabledFilters in play-dev-mode-akka.actor.default-dispatcher-89 - Enabled Filters (see <https://www.playframework.com/documentation/latest/Filters>):

    play.filters.csrf.CSRFFilter
    play.filters.headers.SecurityHeadersFilter
    play.filters.hosts.AllowedHostsFilter

2017-09-18 19:58:49,986 [INFO] from play.api.Play in play-dev-mode-akka.actor.default-dispatcher-89 - Application started (Dev)
